
SQL*Loader: Release 11.2.0.2.0 - Production on Wed Apr 24 18:57:33 2019

Copyright (c) 1982, 2009, Oracle and/or its affiliates.  All rights reserved.

Control File:   department.ctl
Data File:      department.csv
  Bad File:     department.bad
  Discard File:  none specified
 
 (Allow all discards)

Number to load: ALL
Number to skip: 0
Errors allowed: 50
Bind array:     64 rows, maximum of 256000 bytes
Continuation:    none specified
Path used:      Conventional

Table DEPARTMENT, loaded from every logical record.
Insert option in effect for this table: INSERT

   Column Name                  Position   Len  Term Encl Datatype
------------------------------ ---------- ----- ---- ---- ---------------------
DEPARTMENT_ID                                             SEQUENCE (1, 1)
COLLEGE                             FIRST     *   ,  O(") CHARACTER            
NAME                                 NEXT     *   ,  O(") CHARACTER            
ABBREV                               NEXT     *   ,  O(") CHARACTER            


Table DEPARTMENT:
  1 Row successfully loaded.
  0 Rows not loaded due to data errors.
  0 Rows not loaded because all WHEN clauses were failed.
  0 Rows not loaded because all fields were null.


Space allocated for bind array:                  51008 bytes(64 rows)
Read   buffer bytes: 1048576

Total logical records skipped:          0
Total logical records read:             1
Total logical records rejected:         0
Total logical records discarded:        0

Run began on Wed Apr 24 18:57:33 2019
Run ended on Wed Apr 24 18:57:33 2019

Elapsed time was:     00:00:00.02
CPU time was:         00:00:00.01
