
SQL*Loader: Release 11.2.0.2.0 - Production on Wed Apr 24 22:40:25 2019

Copyright (c) 1982, 2009, Oracle and/or its affiliates.  All rights reserved.

Control File:   users.ctl
Data File:      users.csv
  Bad File:     users.bad
  Discard File:  none specified
 
 (Allow all discards)

Number to load: ALL
Number to skip: 0
Errors allowed: 50
Bind array:     64 rows, maximum of 256000 bytes
Continuation:    none specified
Path used:      Conventional

Table USERS, loaded from every logical record.
Insert option in effect for this table: INSERT

   Column Name                  Position   Len  Term Encl Datatype
------------------------------ ---------- ----- ---- ---- ---------------------
NETID                               FIRST     *   ,  O(") CHARACTER            
NAME                                 NEXT     *   ,  O(") CHARACTER            
ADMIN                                                     CONSTANT
    Value is '1'


Table USERS:
  3 Rows successfully loaded.
  0 Rows not loaded due to data errors.
  0 Rows not loaded because all WHEN clauses were failed.
  0 Rows not loaded because all fields were null.


Space allocated for bind array:                  33152 bytes(64 rows)
Read   buffer bytes: 1048576

Total logical records skipped:          0
Total logical records read:             3
Total logical records rejected:         0
Total logical records discarded:        0

Run began on Wed Apr 24 22:40:25 2019
Run ended on Wed Apr 24 22:40:25 2019

Elapsed time was:     00:00:00.03
CPU time was:         00:00:00.00
